[2022-09-29T16:30:31.034202+02:00] login.INFO: User pippo@gmail.com logged out [] []
[2022-09-29T16:32:34.874547+02:00] login.INFO: User pippo@gmail.com logged in [] []
[2022-09-29T16:47:29.407738+02:00] login.INFO: User pippo@gmail.com logged out [] []
[2022-09-29T16:53:17.184291+02:00] login.INFO: SQLSTATE[HY000] [2002] Impossibile stabilire la connessione. Rifiuto persistente del computer di destinazione [] []
[2022-09-29T16:53:19.191815+02:00] login.INFO: SQLSTATE[HY000] [2002] Impossibile stabilire la connessione. Rifiuto persistente del computer di destinazione [] []
[2022-09-29T16:53:21.195811+02:00] login.INFO: SQLSTATE[HY000] [2002] Impossibile stabilire la connessione. Rifiuto persistente del computer di destinazione [] []
[2022-09-29T16:53:23.201713+02:00] login.INFO: SQLSTATE[HY000] [2002] Impossibile stabilire la connessione. Rifiuto persistente del computer di destinazione [] []
[2022-09-29T16:53:25.208430+02:00] login.INFO: SQLSTATE[HY000] [2002] Impossibile stabilire la connessione. Rifiuto persistente del computer di destinazione [] []
[2022-09-29T16:53:46.543413+02:00] login.INFO: SQLSTATE[HY000] [2002] Impossibile stabilire la connessione. Rifiuto persistente del computer di destinazione [] []
[2022-09-29T16:53:48.561595+02:00] login.INFO: SQLSTATE[HY000] [2002] Impossibile stabilire la connessione. Rifiuto persistente del computer di destinazione [] []
[2022-09-29T16:53:50.565774+02:00] login.INFO: SQLSTATE[HY000] [2002] Impossibile stabilire la connessione. Rifiuto persistente del computer di destinazione [] []
[2022-09-29T16:53:52.569849+02:00] login.INFO: SQLSTATE[HY000] [2002] Impossibile stabilire la connessione. Rifiuto persistente del computer di destinazione [] []
[2022-09-29T16:53:54.573956+02:00] login.INFO: SQLSTATE[HY000] [2002] Impossibile stabilire la connessione. Rifiuto persistente del computer di destinazione [] []
[2022-09-29T16:56:03.449175+02:00] login.ERROR: SQLSTATE[HY000] [2002] Impossibile stabilire la connessione. Rifiuto persistente del computer di destinazione [] []
[2022-09-29T16:56:05.454659+02:00] login.ERROR: SQLSTATE[HY000] [2002] Impossibile stabilire la connessione. Rifiuto persistente del computer di destinazione [] []
[2022-09-29T16:56:07.464710+02:00] login.ERROR: SQLSTATE[HY000] [2002] Impossibile stabilire la connessione. Rifiuto persistente del computer di destinazione [] []
[2022-09-29T16:56:09.469844+02:00] login.ERROR: SQLSTATE[HY000] [2002] Impossibile stabilire la connessione. Rifiuto persistente del computer di destinazione [] []
[2022-09-29T16:56:11.475806+02:00] login.ERROR: SQLSTATE[HY000] [2002] Impossibile stabilire la connessione. Rifiuto persistente del computer di destinazione [] []
[2022-10-03T00:11:52.035121+02:00] login.INFO: User  logged in [] []
[2022-10-03T00:11:57.890440+02:00] login.INFO: User  logged in [] []
[2022-10-03T00:12:27.728671+02:00] login.INFO: User  logged in [] []
[2022-10-03T00:12:58.519054+02:00] insert.INFO: User  added item 1BASHGF-LIBRO(Libro) [] []
[2022-10-03T00:13:02.419369+02:00] login.INFO: User  deleted item 1BASHGF-LIBRO(Libro) [] []
[2022-10-03T00:13:15.800093+02:00] update.INFO: User  alter item 11Prova--2-10--22 [] []
[2022-10-03T00:13:28.002872+02:00] add-image.INFO: User  added image 11Prova--2-10--22_0.jpeg to item 11Prova--2-10--22 [] []
[2022-10-03T00:13:28.006784+02:00] update.INFO: User  alter item 11Prova--2-10--22 [] []
[2022-10-03T00:13:32.858901+02:00] update.INFO: User  alter item 11Prova--2-10--22 [] []
